warning: unused import: `CauchyStress`
  --> src/lib.rs:22:9
   |
22 |         CauchyStress,
   |         ^^^^^^^^^^^^
   |
   = note: `#[warn(unused_imports)]` on by default

warning: `extern` fn uses type `(f64, f64, f64, f64, f64, f64, f64, f64, f64)`, which is not FFI-safe
  --> src/lib.rs:46:6
   |
46 |   ) -> (Scalar, Scalar, Scalar,
   |  ______^
47 | |       Scalar, Scalar, Scalar,
48 | |       Scalar, Scalar, Scalar)
   | |_____________________________^ not FFI-safe
   |
   = help: consider using a struct instead
   = note: tuples have unspecified layout
   = note: `#[warn(improper_ctypes_definitions)]` on by default

warning: `flavioso` (lib) generated 2 warnings (run `cargo fix --lib -p flavioso` to apply 1 suggestion)
    Finished release [optimized] target(s) in 0.00s
